Cloning into 'wiringpi'...
[Clean]
[Compile] wiringPi.c
[Compile] wiringSerial.c
[Compile] wiringShift.c
[Compile] piHiPri.c
[Compile] piThread.c
[Compile] wiringPiSPI.c
[Compile] wiringPiI2C.c
[Compile] softPwm.c
[Compile] softTone.c
[Compile] softServo.c
[Compile] mcp23008.c
[Compile] mcp23016.c
[Compile] mcp23017.c
[Compile] mcp23s08.c
[Compile] mcp23s17.c
[Compile] sr595.c
[Compile] pcf8574.c
[Compile] pcf8591.c
[Compile] mcp3002.c
[Compile] mcp3004.c
[Compile] mcp4802.c
[Compile] mcp3422.c
[Compile] max31855.c
[Compile] max5322.c
[Compile] sn3218.c
[Compile] drcSerial.c
[Link (Static)]
[Clean]
[Compile] ds1302.c
[Compile] maxdetect.c
[Compile] piNes.c
[Compile] gertboard.c
[Compile] piFace.c
[Compile] lcd128x64.c
[Compile] lcd.c
[Compile] piGlow.c
[Link (Static)]
[UnInstall]
[Clean]
[Compile] gpio.c
gpio.c:804:13: warning: ‘doPadDrive’ defined but not used [-Wunused-function]
 static void doPadDrive (int argc, char *argv [])
             ^
gpio.c:892:13: warning: ‘doGbw’ defined but not used [-Wunused-function]
 static void doGbw (int argc, char *argv [])
             ^
gpio.c:934:13: warning: ‘doGbr’ defined but not used [-Wunused-function]
 static void doGbr (int argc, char *argv [])
             ^
[Compile] extensions.c
[Compile] readall.c
[Compile] pins.c
[Link]
[Install]
make: Entering directory '/home/ksp/kLaserCutter/node_modules/wiring-op/build'
  CXX(target) Release/obj.target/wiringPi/src/addon.o
  CXX(target) Release/obj.target/wiringPi/src/wiringPi.o
  CXX(target) Release/obj.target/wiringPi/src/softPwm.o
  CXX(target) Release/obj.target/wiringPi/src/softServo.o
  CXX(target) Release/obj.target/wiringPi/src/softTone.o
  CXX(target) Release/obj.target/wiringPi/src/wiringPiI2C.o
  CXX(target) Release/obj.target/wiringPi/src/wiringPiSPI.o
../src/wiringPiSPI.cc: In function ‘void nodemodule::wiringPiSPISetupMode(const v8::FunctionCallbackInfo<v8::Value>&)’:
../src/wiringPiSPI.cc:90:7: warning: unused variable ‘speed’ [-Wunused-variable]
   int speed = GET_ARGUMENT_AS_INT32(1);
       ^
  CXX(target) Release/obj.target/wiringPi/src/wiringSerial.o
  CXX(target) Release/obj.target/wiringPi/src/wiringShift.o
  CXX(target) Release/obj.target/wiringPi/src/wiringPiISR.o
  CXX(target) Release/obj.target/wiringPi/src/wpi.o
  CXX(target) Release/obj.target/wiringPi/src/extensions/extensions.o
  CXX(target) Release/obj.target/wiringPi/src/extensions/drcSerial.o
  CXX(target) Release/obj.target/wiringPi/src/extensions/max5322.o
  CXX(target) Release/obj.target/wiringPi/src/extensions/max31855.o
  CXX(target) Release/obj.target/wiringPi/src/extensions/mcp23s08.o
  CXX(target) Release/obj.target/wiringPi/src/extensions/mcp23s17.o
  CXX(target) Release/obj.target/wiringPi/src/extensions/mcp3002.o
  CXX(target) Release/obj.target/wiringPi/src/extensions/mcp3004.o
  CXX(target) Release/obj.target/wiringPi/src/extensions/mcp3422.o
  CXX(target) Release/obj.target/wiringPi/src/extensions/mcp4802.o
  CXX(target) Release/obj.target/wiringPi/src/extensions/mcp23008.o
  CXX(target) Release/obj.target/wiringPi/src/extensions/mcp23016.o
  CXX(target) Release/obj.target/wiringPi/src/extensions/mcp23017.o
  CXX(target) Release/obj.target/wiringPi/src/extensions/pcf8574.o
  CXX(target) Release/obj.target/wiringPi/src/extensions/pcf8591.o
  CXX(target) Release/obj.target/wiringPi/src/extensions/sn3218.o
  CXX(target) Release/obj.target/wiringPi/src/extensions/sr595.o
  CXX(target) Release/obj.target/wiringPi/src/extensions/pca9685.o
../src/extensions/pca9685.cc:2:21: fatal error: pca9685.h: No such file or directory
 #include <pca9685.h>
                     ^
compilation terminated.
wiringPi.target.mk:130: recipe for target 'Release/obj.target/wiringPi/src/extensions/pca9685.o' failed
make: *** [Release/obj.target/wiringPi/src/extensions/pca9685.o] Error 1
make: Leaving directory '/home/ksp/kLaserCutter/node_modules/wiring-op/build'
gyp ERR! build error 
gyp ERR! stack Error: `make` failed with exit code: 2
gyp ERR! stack     at ChildProcess.onExit (/usr/lib/node_modules/npm/node_modules/node-gyp/lib/build.js:276:23)
gyp ERR! stack     at ChildProcess.emit (events.js:110:17)
gyp ERR! stack     at Process.ChildProcess._handle.onexit (child_process.js:1078:12)
gyp ERR! System Linux 3.4.112-sun8i
gyp ERR! command "node" "/usr/lib/node_modules/npm/node_modules/node-gyp/bin/node-gyp.js" "rebuild"
gyp ERR! cwd /home/ksp/kLaserCutter/node_modules/wiring-op
gyp ERR! node -v v0.12.15
gyp ERR! node-gyp -v v3.3.1
gyp ERR! not ok 
